
==36109== 3 bytes in 1 blocks are definitely lost in loss record 3 of 102
==36109==    at 0x100314545: malloc (in /Users/edos-san/.brew/Cellar/valgrind/HEAD-6ff08b6/libexec/valgrind/vgpreload_memcheck-amd64-darwin.so)
==36109==    by 0x10000A9F5: __copy_n (in ./minishell)
==36109==    by 0x10000ABE9: __str_trim (in ./minishell)
==36109==    by 0x100006F34: check_dolar (in ./minishell)
==36109==    by 0x100007669: ft_init (in ./minishell)
==36109==    by 0x100005129: main (in ./minishell)

==36109== 
==36109== 43 (40 direct, 3 indirect) bytes in 1 blocks are definitely lost in loss record 30 of 102
==36109==    at 0x100314545: malloc (in /Users/edos-san/.brew/Cellar/valgrind/HEAD-6ff08b6/libexec/valgrind/vgpreload_memcheck-amd64-darwin.so)
==36109==    by 0x10000925D: base_add_element (in ./minishell)
==36109==    by 0x1000088DC: ft_divide_cmds (in ./minishell)
==36109==    by 0x100008A95: token (in ./minishell)
==36109==    by 0x100007695: ft_init (in ./minishell)
==36109==    by 0x100005129: main (in ./minishell)

==36109== 1,072 bytes in 1 blocks are definitely lost in loss record 64 of 102
==36109==    at 0x100314545: malloc (in /Users/edos-san/.brew/Cellar/valgrind/HEAD-6ff08b6/libexec/valgrind/vgpreload_memcheck-amd64-darwin.so)
==36109==    by 0x1000055A1: new_command (in ./minishell)
==36109==    by 0x1000076F1: execute (in ./minishell)
==36109==    by 0x1000076A4: ft_init (in ./minishell)
==36109==    by 0x100005129: main (in ./minishell)
